<?xml version="1.0" encoding="UTF-8"?>
<!-- Generated by org.testng.reporters.JUnitXMLReporter -->
<testsuite ignored="0" hostname="DESKTOP-1U7OV25" failures="0" tests="3" name="Default test" time="18.756" errors="0" timestamp="2023-10-24T13:13:48 EET">
  <testcase classname="testcaseaddtocard.TestCaseAddToCard" name="LoginWithPerformanceUser" time="9.569"/>
  <testcase classname="testcaseaddtocard.TestCaseAddToCard" name="LoginWithProblemUser" time="3.554"/>
  <testcase classname="testcaseaddtocard.TestCaseAddToCard" name="LoginWithStandardUSer" time="3.427"/>
</testsuite> <!-- Default test -->
