<?xml version="1.0" encoding="UTF-8"?>
<testng-results ignored="0" total="3" passed="3" failed="0" skipped="0">
  <reporter-output>
  </reporter-output>
  <suite started-at="2023-10-24T13:13:29 EET" name="Default suite" finished-at="2023-10-24T13:13:48 EET" duration-ms="18756">
    <groups>
    </groups>
    <test started-at="2023-10-24T13:13:29 EET" name="Default test" finished-at="2023-10-24T13:13:48 EET" duration-ms="18756">
      <class name="testcaseaddtocard.TestCaseAddToCard">
        <test-method is-config="true" signature="mySetup()[pri:0, instance:testcaseaddtocard.TestCaseAddToCard@5a021cb9]" started-at="2023-10-24T13:13:29 EET" name="mySetup" finished-at="2023-10-24T13:13:30 EET" duration-ms="1185" status="PASS">
          <reporter-output>
          </reporter-output>
        </test-method> <!-- mySetup -->
        <test-method signature="LoginWithPerformanceUser()[pri:0, instance:testcaseaddtocard.TestCaseAddToCard@5a021cb9]" started-at="2023-10-24T13:13:30 EET" name="LoginWithPerformanceUser" finished-at="2023-10-24T13:13:40 EET" duration-ms="9569" status="PASS">
          <reporter-output>
          </reporter-output>
        </test-method> <!-- LoginWithPerformanceUser -->
        <test-method is-config="true" signature="mySetup()[pri:0, instance:testcaseaddtocard.TestCaseAddToCard@5a021cb9]" started-at="2023-10-24T13:13:40 EET" name="mySetup" finished-at="2023-10-24T13:13:41 EET" duration-ms="856" status="PASS">
          <reporter-output>
          </reporter-output>
        </test-method> <!-- mySetup -->
        <test-method signature="LoginWithProblemUser()[pri:0, instance:testcaseaddtocard.TestCaseAddToCard@5a021cb9]" started-at="2023-10-24T13:13:41 EET" name="LoginWithProblemUser" finished-at="2023-10-24T13:13:44 EET" duration-ms="3554" status="PASS">
          <reporter-output>
          </reporter-output>
        </test-method> <!-- LoginWithProblemUser -->
        <test-method is-config="true" signature="mySetup()[pri:0, instance:testcaseaddtocard.TestCaseAddToCard@5a021cb9]" started-at="2023-10-24T13:13:44 EET" name="mySetup" finished-at="2023-10-24T13:13:44 EET" duration-ms="107" status="PASS">
          <reporter-output>
          </reporter-output>
        </test-method> <!-- mySetup -->
        <test-method signature="LoginWithStandardUSer()[pri:0, instance:testcaseaddtocard.TestCaseAddToCard@5a021cb9]" started-at="2023-10-24T13:13:44 EET" name="LoginWithStandardUSer" finished-at="2023-10-24T13:13:48 EET" duration-ms="3427" status="PASS">
          <reporter-output>
          </reporter-output>
        </test-method> <!-- LoginWithStandardUSer -->
        <test-method is-config="true" signature="myPostTesting()[pri:0, instance:testcaseaddtocard.TestCaseAddToCard@5a021cb9]" started-at="2023-10-24T13:13:48 EET" name="myPostTesting" finished-at="2023-10-24T13:13:48 EET" duration-ms="0" status="PASS">
          <reporter-output>
          </reporter-output>
        </test-method> <!-- myPostTesting -->
      </class> <!-- testcaseaddtocard.TestCaseAddToCard -->
    </test> <!-- Default test -->
  </suite> <!-- Default suite -->
</testng-results>
